This is pdfTeX, Version 3.141592653-2.6-1.40.25 (TeX Live 2023) (preloaded format=pdflatex 2023.10.18)  1 NOV 2024 22:59
entering extended mode
 restricted \write18 enabled.
 file:line:error style messages enabled.
 %&-line parsing enabled.
**d:/NUS/AY2425.Sem1/DSA1101/StatisticalReport/report/main.tex
(d:/NUS/AY2425.Sem1/DSA1101/StatisticalReport/report/main.tex
LaTeX2e <2023-06-01> patch level 1
L3 programming layer <2023-10-10>
(./ifacconf.cls
Document Class: ifacconf 2008/04/14, 3.2ModD: IFAC conferences

\@frontmatterwidth=\dimen140
\@bls=\dimen141
\eqntopsep=\skip48
\eqnarraycolsep=\dimen142
\labelwidthi=\dimen143
\labelwidthii=\dimen144
\labelwidthiii=\dimen145
\labelwidthiv=\dimen146
\@maxlistdepth=\count185
\eqnbaselineskip=\skip49
\eqnlineskip=\skip50
\mathindent=\dimen147
\rulepreskip=\dimen148
\rulepostskip=\dimen149
\Arrayrulewidth=\dimen150
\crulepostskip=\dimen151
\@Ldec=\dimen152
\@Rdec=\dimen153
\@Lpmdec=\dimen154
\@Rpmdec=\dimen155
\c@section=\count186
\c@subsection=\count187
\c@subsubsection=\count188
\c@paragraph=\count189
\c@subparagraph=\count190
(c:/texlive/2023/texmf-dist/tex/latex/tools/theorem.sty
Package: theorem 2014/10/28 v2.2c Theorem extension package (FMi)
\theorem@style=\toks17
\theorem@bodyfont=\toks18
\theorempreskipamount=\skip51
\theorempostskipamount=\skip52
 (c:/texlive/2023/texmf-dist/tex/latex/tools/thp.sty
File: thp.sty 2014/10/28 v2.2c Theorem extension package (FMi)
)) (c:/texlive/2023/texmf-dist/tex/latex/base/newlfont.sty
Package: newlfont 1998/08/17 v2.2m Standard LaTeX package
LaTeX Info: Redefining \em on input line 57.
 (c:/texlive/2023/texmf-dist/tex/latex/base/latexsym.sty
Package: latexsym 1998/08/17 v2.2e Standard LaTeX package (lasy symbols)
\symlasy=\mathgroup4
LaTeX Font Info:    Overwriting symbol font `lasy' in version `bold'
(Font)                  U/lasy/m/n --> U/lasy/b/n on input line 52.
))
LaTeX Info: Redefining \rm on input line 596.
LaTeX Info: Redefining \sf on input line 597.
LaTeX Info: Redefining \tt on input line 598.
LaTeX Info: Redefining \bf on input line 599.
LaTeX Info: Redefining \it on input line 600.
LaTeX Info: Redefining \sl on input line 601.
LaTeX Info: Redefining \sc on input line 602.
\c@thm=\count191
\c@alg=\count192
\c@algorithm=\count193
\c@note=\count194
\c@summ=\count195
\c@case=\count196
\@tempcntc=\count197
\c@figure=\count198
\c@table=\count199
\t@glob@notes=\toks19
\t@loc@notes=\toks20
\note@cnt=\count266
\c@author=\count267
\n@author=\count268
\c@collab=\count269
\n@collab=\count270
\c@address=\count271
\sv@mathsurround=\dimen156
\sv@hyphenpenalty=\count272
\prev@elem=\count273
\cur@elem=\count274
\fm@box=\box51
\fm@size=\dimen157
\t@abstract=\box52
\t@keyword=\box53
\rep@mod=\count275
\t@xtheight=\dimen158
\@logoheight=\dimen159
\@pubyear=\count276
\c@firstpage=\count277
\c@lastpage=\count278
\slashbox=\box54
LaTeX Font Info:    External font `cmex10' loaded for size
(Font)              <7> on input line 1507.
LaTeX Font Info:    External font `cmex10' loaded for size
(Font)              <5> on input line 1507.
LaTeX Font Info:    Trying to load font information for U+lasy on input line 1507.
 (c:/texlive/2023/texmf-dist/tex/latex/base/ulasy.fd
File: ulasy.fd 1998/08/17 v2.2e LaTeX symbol font definitions
)
\Slashbox=\box55
LaTeX Font Info:    External font `cmex10' loaded for size
(Font)              <12> on input line 1508.
LaTeX Font Info:    External font `cmex10' loaded for size
(Font)              <8> on input line 1508.
LaTeX Font Info:    External font `cmex10' loaded for size
(Font)              <6> on input line 1508.
\@frontindent=\dimen160
) (c:/texlive/2023/texmf-dist/tex/latex/amsmath/amsmath.sty
Package: amsmath 2023/05/13 v2.17o AMS math features
\@mathmargin=\skip53

For additional information on amsmath, use the `?' option.
(c:/texlive/2023/texmf-dist/tex/latex/amsmath/amstext.sty
Package: amstext 2021/08/26 v2.01 AMS text
 (c:/texlive/2023/texmf-dist/tex/latex/amsmath/amsgen.sty
File: amsgen.sty 1999/11/30 v2.0 generic functions
\@emptytoks=\toks21
\ex@=\dimen161
)) (c:/texlive/2023/texmf-dist/tex/latex/amsmath/amsbsy.sty
Package: amsbsy 1999/11/29 v1.2d Bold Symbols
\pmbraise@=\dimen162
) (c:/texlive/2023/texmf-dist/tex/latex/amsmath/amsopn.sty
Package: amsopn 2022/04/08 v2.04 operator names
LaTeX Info: Redefining \operatorname on input line 43.
)
\inf@bad=\count279
LaTeX Info: Redefining \frac on input line 234.
\uproot@=\count280
\leftroot@=\count281
LaTeX Info: Redefining \overline on input line 399.
LaTeX Info: Redefining \colon on input line 410.
\classnum@=\count282
\DOTSCASE@=\count283
LaTeX Info: Redefining \ldots on input line 496.
LaTeX Info: Redefining \dots on input line 499.
LaTeX Info: Redefining \cdots on input line 620.
\Mathstrutbox@=\box56
\strutbox@=\box57
LaTeX Info: Redefining \big on input line 722.
LaTeX Info: Redefining \Big on input line 723.
LaTeX Info: Redefining \bigg on input line 724.
LaTeX Info: Redefining \Bigg on input line 725.
\big@size=\dimen163
LaTeX Font Info:    Redeclaring font encoding OML on input line 743.
LaTeX Font Info:    Redeclaring font encoding OMS on input line 744.
\macc@depth=\count284
LaTeX Info: Redefining \bmod on input line 905.
LaTeX Info: Redefining \pmod on input line 910.
LaTeX Info: Redefining \smash on input line 940.
LaTeX Info: Redefining \relbar on input line 970.
LaTeX Info: Redefining \Relbar on input line 971.
\c@MaxMatrixCols=\count285
\dotsspace@=\muskip16
\c@parentequation=\count286
\dspbrk@lvl=\count287
\tag@help=\toks22
\row@=\count288
\column@=\count289
\maxfields@=\count290
\andhelp@=\toks23
\eqnshift@=\dimen164
\alignsep@=\dimen165
\tagshift@=\dimen166
\tagwidth@=\dimen167
\totwidth@=\dimen168
\lineht@=\dimen169
\@envbody=\toks24
\multlinegap=\skip54
\multlinetaggap=\skip55
\mathdisplay@stack=\toks25
LaTeX Info: Redefining \[ on input line 2953.
LaTeX Info: Redefining \] on input line 2954.
) (c:/texlive/2023/texmf-dist/tex/latex/amsfonts/amssymb.sty
Package: amssymb 2013/01/14 v3.01 AMS font symbols
 (c:/texlive/2023/texmf-dist/tex/latex/amsfonts/amsfonts.sty
Package: amsfonts 2013/01/14 v3.01 Basic AMSFonts support
\symAMSa=\mathgroup5
\symAMSb=\mathgroup6
LaTeX Font Info:    Redeclaring math symbol \hbar on input line 98.
LaTeX Font Info:    Overwriting math alphabet `\mathfrak' in version `bold'
(Font)                  U/euf/m/n --> U/euf/b/n on input line 106.
)) (c:/texlive/2023/texmf-dist/tex/latex/multirow/multirow.sty
Package: multirow 2021/03/15 v2.8 Span multiple rows of a table
\multirow@colwidth=\skip56
\multirow@cntb=\count291
\multirow@dima=\skip57
\bigstrutjot=\dimen170
) (c:/texlive/2023/texmf-dist/tex/latex/xcolor/xcolor.sty
Package: xcolor 2022/06/12 v2.14 LaTeX color extensions (UK)
 (c:/texlive/2023/texmf-dist/tex/latex/graphics-cfg/color.cfg
File: color.cfg 2016/01/02 v1.6 sample color configuration
)
Package xcolor Info: Driver file: pdftex.def on input line 227.
 (c:/texlive/2023/texmf-dist/tex/latex/graphics-def/pdftex.def
File: pdftex.def 2022/09/22 v1.2b Graphics/color driver for pdftex
) (c:/texlive/2023/texmf-dist/tex/latex/graphics/mathcolor.ltx)
Package xcolor Info: Model `cmy' substituted by `cmy0' on input line 1353.
Package xcolor Info: Model `hsb' substituted by `rgb' on input line 1357.
Package xcolor Info: Model `RGB' extended on input line 1369.
Package xcolor Info: Model `HTML' substituted by `rgb' on input line 1371.
Package xcolor Info: Model `Hsb' substituted by `hsb' on input line 1372.
Package xcolor Info: Model `tHsb' substituted by `hsb' on input line 1373.
Package xcolor Info: Model `HSB' substituted by `hsb' on input line 1374.
Package xcolor Info: Model `Gray' substituted by `gray' on input line 1375.
Package xcolor Info: Model `wave' substituted by `hsb' on input line 1376.
) (c:/texlive/2023/texmf-dist/tex/latex/booktabs/booktabs.sty
Package: booktabs 2020/01/12 v1.61803398 Publication quality tables
\heavyrulewidth=\dimen171
\lightrulewidth=\dimen172
\cmidrulewidth=\dimen173
\belowrulesep=\dimen174
\belowbottomsep=\dimen175
\aboverulesep=\dimen176
\abovetopsep=\dimen177
\cmidrulesep=\dimen178
\cmidrulekern=\dimen179
\defaultaddspace=\dimen180
\@cmidla=\count292
\@cmidlb=\count293
\@aboverulesep=\dimen181
\@belowrulesep=\dimen182
\@thisruleclass=\count294
\@lastruleclass=\count295
\@thisrulewidth=\dimen183
) (c:/texlive/2023/texmf-dist/tex/latex/setspace/setspace.sty
Package: setspace 2022/12/04 v6.7b set line spacing
) (c:/texlive/2023/texmf-dist/tex/latex/tablefootnote/tablefootnote.sty
Package: tablefootnote 2014/01/26 v1.1c Table foot notes (HMM)
 (c:/texlive/2023/texmf-dist/tex/generic/ltxcmds/ltxcmds.sty
Package: ltxcmds 2020-05-10 v1.25 LaTeX kernel commands for general use (HO)
) (c:/texlive/2023/texmf-dist/tex/latex/letltxmacro/letltxmacro.sty
Package: letltxmacro 2019/12/03 v1.6 Let assignment for LaTeX macros (HO)
) (c:/texlive/2023/texmf-dist/tex/latex/xifthen/xifthen.sty
Package: xifthen 2015/11/05 v1.4.0 Extended ifthen features
 (c:/texlive/2023/texmf-dist/tex/latex/tools/calc.sty
Package: calc 2017/05/25 v4.3 Infix arithmetic (KKT,FJ)
\calc@Acount=\count296
\calc@Bcount=\count297
\calc@Adimen=\dimen184
\calc@Bdimen=\dimen185
\calc@Askip=\skip58
\calc@Bskip=\skip59
LaTeX Info: Redefining \setlength on input line 80.
LaTeX Info: Redefining \addtolength on input line 81.
\calc@Ccount=\count298
\calc@Cskip=\skip60
) (c:/texlive/2023/texmf-dist/tex/latex/base/ifthen.sty
Package: ifthen 2022/04/13 v1.1d Standard LaTeX ifthen package (DPC)
) (c:/texlive/2023/texmf-dist/tex/latex/ifmtarg/ifmtarg.sty
Package: ifmtarg 2018/04/16 v1.2b check for an empty argument
)) (c:/texlive/2023/texmf-dist/tex/latex/etoolbox/etoolbox.sty
Package: etoolbox 2020/10/05 v2.5k e-TeX tools for LaTeX (JAW)
\etb@tempcnta=\count299
)) (c:/texlive/2023/texmf-dist/tex/latex/float/float.sty
Package: float 2001/11/08 v1.3d Float enhancements (AL)
\c@float@type=\count300
\float@exts=\toks26
\float@box=\box58
\@float@everytoks=\toks27
\@floatcapt=\box59
) (c:/texlive/2023/texmf-dist/tex/latex/graphics/graphicx.sty
Package: graphicx 2021/09/16 v1.2d Enhanced LaTeX Graphics (DPC,SPQR)
 (c:/texlive/2023/texmf-dist/tex/latex/graphics/keyval.sty
Package: keyval 2022/05/29 v1.15 key=value parser (DPC)
\KV@toks@=\toks28
) (c:/texlive/2023/texmf-dist/tex/latex/graphics/graphics.sty
Package: graphics 2022/03/10 v1.4e Standard LaTeX Graphics (DPC,SPQR)
 (c:/texlive/2023/texmf-dist/tex/latex/graphics/trig.sty
Package: trig 2021/08/11 v1.11 sin cos tan (DPC)
) (c:/texlive/2023/texmf-dist/tex/latex/graphics-cfg/graphics.cfg
File: graphics.cfg 2016/06/04 v1.11 sample graphics configuration
)
Package graphics Info: Driver file: pdftex.def on input line 107.
)
\Gin@req@height=\dimen186
\Gin@req@width=\dimen187
) (c:/texlive/2023/texmf-dist/tex/latex/natbib/natbib.sty
Package: natbib 2010/09/13 8.31b (PWD, AO)
\bibhang=\skip61
\bibsep=\skip62
LaTeX Info: Redefining \cite on input line 694.
\c@NAT@ctr=\count301
) (c:/texlive/2023/texmf-dist/tex/latex/l3backend/l3backend-pdftex.def
File: l3backend-pdftex.def 2023-10-10 L3 backend support: PDF output (pdfTeX)
\l__color_backend_stack_int=\count302
\l__pdf_internal_box=\box60
) (./main.aux)
\openout1 = `main.aux'.

LaTeX Font Info:    Checking defaults for OML/cmm/m/it on input line 20.
LaTeX Font Info:    ... okay on input line 20.
LaTeX Font Info:    Checking defaults for OMS/cmsy/m/n on input line 20.
LaTeX Font Info:    ... okay on input line 20.
LaTeX Font Info:    Checking defaults for OT1/cmr/m/n on input line 20.
LaTeX Font Info:    ... okay on input line 20.
LaTeX Font Info:    Checking defaults for T1/cmr/m/n on input line 20.
LaTeX Font Info:    ... okay on input line 20.
LaTeX Font Info:    Checking defaults for TS1/cmr/m/n on input line 20.
LaTeX Font Info:    ... okay on input line 20.
LaTeX Font Info:    Checking defaults for OMX/cmex/m/n on input line 20.
LaTeX Font Info:    ... okay on input line 20.
LaTeX Font Info:    Checking defaults for U/cmr/m/n on input line 20.
LaTeX Font Info:    ... okay on input line 20.
 (c:/texlive/2023/texmf-dist/tex/context/base/mkii/supp-pdf.mkii
[Loading MPS to PDF converter (version 2006.09.02).]
\scratchcounter=\count303
\scratchdimen=\dimen188
\scratchbox=\box61
\nofMPsegments=\count304
\nofMParguments=\count305
\everyMPshowfont=\toks29
\MPscratchCnt=\count306
\MPscratchDim=\dimen189
\MPnumerator=\count307
\makeMPintoPDFobject=\count308
\everyMPtoPDFconversion=\toks30
) (c:/texlive/2023/texmf-dist/tex/latex/epstopdf-pkg/epstopdf-base.sty
Package: epstopdf-base 2020-01-24 v2.11 Base part for package epstopdf
Package epstopdf-base Info: Redefining graphics rule for `.eps' on input line 485.
 (c:/texlive/2023/texmf-dist/tex/latex/latexconfig/epstopdf-sys.cfg
File: epstopdf-sys.cfg 2010/07/13 v1.3 Configuration of (r)epstopdf for TeX Live
))
LaTeX Font Info:    Calculating math sizes for size <14> on input line 25.
LaTeX Font Info:    Trying to load font information for U+msa on input line 25.
 (c:/texlive/2023/texmf-dist/tex/latex/amsfonts/umsa.fd
File: umsa.fd 2013/01/14 v3.01 AMS symbols A
)
LaTeX Font Info:    Trying to load font information for U+msb on input line 25.
 (c:/texlive/2023/texmf-dist/tex/latex/amsfonts/umsb.fd
File: umsb.fd 2013/01/14 v3.01 AMS symbols B
)
\c@sv@footnote=\count309
 (./content/10.introduction.tex) (./content/20.EDA.tex (./content/21.general.variables.table.tex) (./content/21.general.tex) (./content/22.categorical.tex
<../figures/22.categorical.distribution.pdf, id=1, 693.59125pt x 346.29375pt>
File: ../figures/22.categorical.distribution.pdf Graphic file (type pdf)
<use ../figures/22.categorical.distribution.pdf>
Package pdftex.def Info: ../figures/22.categorical.distribution.pdf  used on input line 10.
(pdftex.def)             Requested size: 251.80688pt x 125.72244pt.
 [1{c:/texlive/2023/texmf-var/fonts/map/pdftex/updmap/pdftex.map}

 <../figures/22.categorical.distribution.pdf>]
<../figures/22.categorical.correlation.to.response.pdf, id=23, 693.59125pt x 346.29375pt>
File: ../figures/22.categorical.correlation.to.response.pdf Graphic file (type pdf)
<use ../figures/22.categorical.correlation.to.response.pdf>
Package pdftex.def Info: ../figures/22.categorical.correlation.to.response.pdf  used on input line 18.
(pdftex.def)             Requested size: 251.80688pt x 125.72244pt.
) (./content/23.numerical.tex
<../figures/23.numerical.distribution.pdf, id=24, 693.59125pt x 346.29375pt>
File: ../figures/23.numerical.distribution.pdf Graphic file (type pdf)
<use ../figures/23.numerical.distribution.pdf>
Package pdftex.def Info: ../figures/23.numerical.distribution.pdf  used on input line 2.
(pdftex.def)             Requested size: 251.80688pt x 125.72244pt.


LaTeX Warning: `h' float specifier changed to `ht'.


Overfull \hbox (10.65054pt too wide) in paragraph at lines 13--14
[]\OT1/cmr/bx/n/10 Strong cor-re-la-tion \OT1/cmr/m/n/10 be-tween vari-bles \OT1/cmtt/m/n/10 age\OT1/cmr/m/n/10 , \OT1/cmtt/m/n/10 heart.rate\OT1/cmr/m/n/10 ,
 []

<../figures/23.numerical.correlation.to.response.pdf, id=25, 693.59125pt x 346.29375pt>
File: ../figures/23.numerical.correlation.to.response.pdf Graphic file (type pdf)
<use ../figures/23.numerical.correlation.to.response.pdf>
Package pdftex.def Info: ../figures/23.numerical.correlation.to.response.pdf  used on input line 19.
(pdftex.def)             Requested size: 251.80688pt x 125.72244pt.
[2 <../figures/22.categorical.correlation.to.response.pdf> <../figures/23.numerical.distribution.pdf> <../figures/23.numerical.correlation.to.response.pdf>]
<../figures/23.numerical.boxcox.qq.pdf, id=49, 693.59125pt x 346.29375pt>
File: ../figures/23.numerical.boxcox.qq.pdf Graphic file (type pdf)
<use ../figures/23.numerical.boxcox.qq.pdf>
Package pdftex.def Info: ../figures/23.numerical.boxcox.qq.pdf  used on input line 38.
(pdftex.def)             Requested size: 251.80688pt x 125.72244pt.
)) (./content/30.model.selection.tex (./content/31.kNN.tex
Overfull \hbox (17.618pt too wide) in paragraph at lines 26--44
 [][] 
 []

<../figures/31.kNN.pdf, id=50, 693.59125pt x 346.29375pt>
File: ../figures/31.kNN.pdf Graphic file (type pdf)
<use ../figures/31.kNN.pdf>
Package pdftex.def Info: ../figures/31.kNN.pdf  used on input line 56.
(pdftex.def)             Requested size: 251.80688pt x 125.72244pt.
) (./content/32.trees.tex [3 <../figures/23.numerical.boxcox.qq.pdf> <../figures/31.kNN.pdf>]
LaTeX Font Info:    Font shape `OT1/cmtt/bx/n' in size <10> not available
(Font)              Font shape `OT1/cmtt/m/n' tried instead on input line 8.
<../figures/32.DecisionTree.pdf, id=71, 693.59125pt x 693.59125pt>
File: ../figures/32.DecisionTree.pdf Graphic file (type pdf)
<use ../figures/32.DecisionTree.pdf>
Package pdftex.def Info: ../figures/32.DecisionTree.pdf  used on input line 16.
(pdftex.def)             Requested size: 251.80688pt x 251.80933pt.
<../figures/32.DecisionTree-45.pdf, id=72, 505.89pt x 505.89pt>
File: ../figures/32.DecisionTree-45.pdf Graphic file (type pdf)
<use ../figures/32.DecisionTree-45.pdf>
Package pdftex.def Info: ../figures/32.DecisionTree-45.pdf  used on input line 24.
(pdftex.def)             Requested size: 113.31232pt x 113.31085pt.
<../figures/32.DecisionTree-60.pdf, id=73, 505.89pt x 505.89pt>
File: ../figures/32.DecisionTree-60.pdf Graphic file (type pdf)
<use ../figures/32.DecisionTree-60.pdf>
Package pdftex.def Info: ../figures/32.DecisionTree-60.pdf  used on input line 25.
(pdftex.def)             Requested size: 113.31232pt x 113.31085pt.
) (./content/33.logistic.tex
<../figures/33.LogisticRegression.pdf, id=74, 693.59125pt x 346.29375pt>
File: ../figures/33.LogisticRegression.pdf Graphic file (type pdf)
<use ../figures/33.LogisticRegression.pdf>
Package pdftex.def Info: ../figures/33.LogisticRegression.pdf  used on input line 14.
(pdftex.def)             Requested size: 251.80688pt x 125.72244pt.


LaTeX Warning: `h' float specifier changed to `ht'.

[4 <../figures/32.DecisionTree.pdf> <../figures/32.DecisionTree-45.pdf> <../figures/32.DecisionTree-60.pdf>])) (./content/40.model.comparison.tex

pdfTeX warning: pdflatex.exe (file ../figures/40.Validation-Diagram.pdf): PDF inclusion: found PDF version <1.7>, but at most version <1.5> allowed
<../figures/40.Validation-Diagram.pdf, id=95, 434.58359pt x 378.45387pt>
File: ../figures/40.Validation-Diagram.pdf Graphic file (type pdf)
<use ../figures/40.Validation-Diagram.pdf>
Package pdftex.def Info: ../figures/40.Validation-Diagram.pdf  used on input line 8.
(pdftex.def)             Requested size: 251.80688pt x 219.28395pt.

LaTeX Warning: `h' float specifier changed to `ht'.

(./content/41.ROC.tex
<../figures/40.ROCs.pdf, id=96, 693.59125pt x 461.725pt>
File: ../figures/40.ROCs.pdf Graphic file (type pdf)
<use ../figures/40.ROCs.pdf>
Package pdftex.def Info: ../figures/40.ROCs.pdf  used on input line 6.
(pdftex.def)             Requested size: 251.80688pt x 167.62994pt.
 [5 <../figures/33.LogisticRegression.pdf> <../figures/40.Validation-Diagram.pdf> <../figures/40.ROCs.pdf>]) (./content/42.Precision-Recall.tex
<../figures/40.TPRs.pdf, id=127, 693.59125pt x 461.725pt>
File: ../figures/40.TPRs.pdf Graphic file (type pdf)
<use ../figures/40.TPRs.pdf>
Package pdftex.def Info: ../figures/40.TPRs.pdf  used on input line 5.
(pdftex.def)             Requested size: 251.80688pt x 167.62994pt.
<../figures/40.Precision-Recall.pdf, id=128, 693.59125pt x 461.725pt>
File: ../figures/40.Precision-Recall.pdf Graphic file (type pdf)
<use ../figures/40.Precision-Recall.pdf>
Package pdftex.def Info: ../figures/40.Precision-Recall.pdf  used on input line 12.
(pdftex.def)             Requested size: 251.80688pt x 167.62994pt.
)) (./content/50.conclusion.tex) (./main.bbl
Overfull \hbox (7.71877pt too wide) in paragraph at lines 10--13
\OT1/cmtt/m/n/10 kaggle.com/fedesoriano/heart-failure-prediction\OT1/cmr/m/n/10 . 
 []

) [6 <../figures/40.TPRs.pdf> <../figures/40.Precision-Recall.pdf>] (./main.aux)
 ***********
LaTeX2e <2023-06-01> patch level 1
L3 programming layer <2023-10-10>
 ***********
 ) 
Here is how much of TeX's memory you used:
 5271 strings out of 474504
 78510 string characters out of 5756725
 1938043 words of memory out of 5000000
 27104 multiletter control sequences out of 15000+600000
 568669 words of font info for 82 fonts, out of 8000000 for 9000
 1141 hyphenation exceptions out of 8191
 57i,12n,65p,842b,318s stack positions out of 10000i,1000n,20000p,200000b,200000s
<c:/texlive/2023/texmf-dist/fonts/type1/public/amsfonts/cm/cmbx10.pfb><c:/texlive/2023/texmf-dist/fonts/type1/public/amsfonts/cm/cmbx12.pfb><c:/texlive/2023/texmf-dist/fonts/type1/public/amsfonts/cm/cmbx8.pfb><c:/texlive/2023/texmf-dist/fonts/type1/public/amsfonts/cm/cmex10.pfb><c:/texlive/2023/texmf-dist/fonts/type1/public/amsfonts/cm/cmmi10.pfb><c:/texlive/2023/texmf-dist/fonts/type1/public/amsfonts/cm/cmmi7.pfb><c:/texlive/2023/texmf-dist/fonts/type1/public/amsfonts/cm/cmmi8.pfb><c:/texlive/2023/texmf-dist/fonts/type1/public/amsfonts/cm/cmr10.pfb><c:/texlive/2023/texmf-dist/fonts/type1/public/amsfonts/cm/cmr6.pfb><c:/texlive/2023/texmf-dist/fonts/type1/public/amsfonts/cm/cmr7.pfb><c:/texlive/2023/texmf-dist/fonts/type1/public/amsfonts/cm/cmr8.pfb><c:/texlive/2023/texmf-dist/fonts/type1/public/amsfonts/cm/cmsy10.pfb><c:/texlive/2023/texmf-dist/fonts/type1/public/amsfonts/cm/cmsy7.pfb><c:/texlive/2023/texmf-dist/fonts/type1/public/amsfonts/cm/cmti10.pfb><c:/texlive/2023/texmf-dist/fonts/type1/public/amsfonts/cm/cmtt10.pfb><c:/texlive/2023/texmf-dist/fonts/type1/public/amsfonts/cm/cmtt8.pfb><c:/texlive/2023/texmf-dist/fonts/type1/public/amsfonts/symbols/msbm10.pfb>
Output written on main.pdf (6 pages, 504026 bytes).
PDF statistics:
 222 PDF objects out of 1000 (max. 8388607)
 147 compressed objects within 2 object streams
 0 named destinations out of 1000 (max. 500000)
 71 words of extra memory for PDF output out of 10000 (max. 10000000)

